<?xml version="1.0" encoding="UTF-8"?>
<testng-results skipped="0" failed="0" ignored="2" total="3" passed="1">
  <reporter-output>
    <line>
      <![CDATA[Test Case Started]]>
    </line>
    <line>
      <![CDATA[Loading Properties File]]>
    </line>
    <line>
      <![CDATA[Properties File Loaded]]>
    </line>
    <line>
      <![CDATA[Base URL :https://reqres.in/api/]]>
    </line>
    <line>
      <![CDATA[HTTP request created]]>
    </line>
    <line>
      <![CDATA[Loading Properties File]]>
    </line>
    <line>
      <![CDATA[Properties File Loaded]]>
    </line>
    <line>
      <![CDATA[HTTP request created]]>
    </line>
    <line>
      <![CDATA[Base URI :https://reqres.in/api/register]]>
    </line>
    <line>
      <![CDATA[HTTP response created]]>
    </line>
    <line>
      <![CDATA[Base URL :https://reqres.in/api/]]>
    </line>
    <line>
      <![CDATA[Test Case Ended]]>
    </line>
  </reporter-output>
  <suite name="Default suite" duration-ms="2898" started-at="2020-07-07T17:21:01 IST" finished-at="2020-07-07T17:21:04 IST">
    <groups>
    </groups>
    <test name="Default test" duration-ms="2898" started-at="2020-07-07T17:21:01 IST" finished-at="2020-07-07T17:21:04 IST">
      <class name="com.tests.TC003_PojoConceptsSeri_Deepali">
        <test-method status="PASS" signature="setUp(java.lang.reflect.Method)[pri:0, instance:com.tests.TC003_PojoConceptsSeri_Deepali@7e0b85f9]" name="setUp" is-config="true" duration-ms="412" started-at="2020-07-07T17:21:01 IST" finished-at="2020-07-07T17:21:02 IST">
          <params>
            <param index="0">
              <value>
                <![CDATA[public void com.tests.TC003_PojoConceptsSeri_Deepali.testSerializationNormal()]]>
              </value>
            </param>
          </params>
          <reporter-output>
            <line>
              <![CDATA[Test Case Started]]>
            </line>
            <line>
              <![CDATA[Loading Properties File]]>
            </line>
            <line>
              <![CDATA[Properties File Loaded]]>
            </line>
            <line>
              <![CDATA[Base URL :https://reqres.in/api/]]>
            </line>
            <line>
              <![CDATA[HTTP request created]]>
            </line>
          </reporter-output>
        </test-method> <!-- setUp -->
        <test-method status="PASS" signature="testSerializationNormal()[pri:0, instance:com.tests.TC003_PojoConceptsSeri_Deepali@7e0b85f9]" name="testSerializationNormal" duration-ms="2231" started-at="2020-07-07T17:21:02 IST" finished-at="2020-07-07T17:21:04 IST">
          <reporter-output>
            <line>
              <![CDATA[Loading Properties File]]>
            </line>
            <line>
              <![CDATA[Properties File Loaded]]>
            </line>
            <line>
              <![CDATA[HTTP request created]]>
            </line>
            <line>
              <![CDATA[Base URI :https://reqres.in/api/register]]>
            </line>
            <line>
              <![CDATA[HTTP response created]]>
            </line>
            <line>
              <![CDATA[Base URL :https://reqres.in/api/]]>
            </line>
          </reporter-output>
        </test-method> <!-- testSerializationNormal -->
        <test-method status="PASS" signature="tearDown(org.testng.ITestResult)[pri:0, instance:com.tests.TC003_PojoConceptsSeri_Deepali@7e0b85f9]" name="tearDown" is-config="true" duration-ms="223" started-at="2020-07-07T17:21:04 IST" finished-at="2020-07-07T17:21:04 IST">
          <params>
            <param index="0">
              <value>
                <![CDATA[[TestResult name=testSerializationNormal status=SUCCESS method=TC003_PojoConceptsSeri_Deepali.testSerializationNormal()[pri:0, instance:com.tests.TC003_PojoConceptsSeri_Deepali@7e0b85f9] output=Loading Properties File]]]>
              </value>
            </param>
          </params>
          <reporter-output>
            <line>
              <![CDATA[Test Case Ended]]>
            </line>
          </reporter-output>
        </test-method> <!-- tearDown -->
      </class> <!-- com.tests.TC003_PojoConceptsSeri_Deepali -->
    </test> <!-- Default test -->
  </suite> <!-- Default suite -->
</testng-results>
