<?xml version="1.0" encoding="UTF-8"?>
<!-- Generated by org.testng.reporters.JUnitXMLReporter -->
<testsuite hostname="Deepali-AK" ignored="2" name="Default test" tests="1" failures="0" timestamp="2020-07-07T17:21:04 IST" time="2.898" errors="0">
  <testcase name="testSerializationNormal" time="2.231" classname="com.tests.TC003_PojoConceptsSeri_Deepali"/>
  <testcase name="testSerializationBDD" time="0.0" classname="com.tests.TC003_PojoConceptsSeri_Deepali">
    <ignored/>
  </testcase> <!-- testSerializationBDD -->
  <testcase name="postRequestNormal" time="0.0" classname="com.tests.TC003_PojoConceptsSeri_Deepali">
    <ignored/>
  </testcase> <!-- postRequestNormal -->
</testsuite> <!-- Default test -->
